<?xml version="1.0" encoding="UTF-8"?>
<testng-results skipped="0" failed="1" ignored="0" total="3" passed="2">
  <reporter-output>
  </reporter-output>
  <suite name="Default suite" duration-ms="60602" started-at="2018-08-17T14:06:27Z" finished-at="2018-08-17T14:07:28Z">
    <groups>
    </groups>
    <test name="Default test" duration-ms="60602" started-at="2018-08-17T14:06:27Z" finished-at="2018-08-17T14:07:28Z">
      <class name="mavenProject.testng">
        <test-method status="PASS" signature="setUpReport()[pri:0, instance:mavenProject.testng@239963d8]" name="setUpReport" is-config="true" duration-ms="180" started-at="2018-08-17T09:06:27Z" finished-at="2018-08-17T09:06:27Z">
          <reporter-output>
          </reporter-output>
        </test-method> <!-- setUpReport -->
        <test-method status="PASS" signature="setUpTest()[pri:0, instance:mavenProject.testng@239963d8]" name="setUpTest" is-config="true" duration-ms="8963" started-at="2018-08-17T09:06:27Z" finished-at="2018-08-17T09:06:36Z">
          <reporter-output>
          </reporter-output>
        </test-method> <!-- setUpTest -->
        <test-method status="PASS" signature="LoginCorrecto()[pri:0, instance:mavenProject.testng@239963d8]" name="LoginCorrecto" duration-ms="1713" started-at="2018-08-17T09:06:36Z" finished-at="2018-08-17T09:06:38Z">
          <reporter-output>
          </reporter-output>
        </test-method> <!-- LoginCorrecto -->
        <test-method status="PASS" signature="endTest()[pri:0, instance:mavenProject.testng@239963d8]" name="endTest" is-config="true" duration-ms="1267" started-at="2018-08-17T09:06:38Z" finished-at="2018-08-17T09:06:39Z">
          <reporter-output>
          </reporter-output>
        </test-method> <!-- endTest -->
        <test-method status="PASS" signature="setUpTest()[pri:0, instance:mavenProject.testng@239963d8]" name="setUpTest" is-config="true" duration-ms="7958" started-at="2018-08-17T09:06:39Z" finished-at="2018-08-17T09:06:47Z">
          <reporter-output>
          </reporter-output>
        </test-method> <!-- setUpTest -->
        <test-method status="PASS" signature="LoginSinContrasena()[pri:0, instance:mavenProject.testng@239963d8]" name="LoginSinContrasena" duration-ms="292" started-at="2018-08-17T09:06:47Z" finished-at="2018-08-17T09:06:48Z">
          <reporter-output>
          </reporter-output>
        </test-method> <!-- LoginSinContrasena -->
        <test-method status="PASS" signature="endTest()[pri:0, instance:mavenProject.testng@239963d8]" name="endTest" is-config="true" duration-ms="1102" started-at="2018-08-17T09:06:48Z" finished-at="2018-08-17T09:06:49Z">
          <reporter-output>
          </reporter-output>
        </test-method> <!-- endTest -->
        <test-method status="PASS" signature="setUpTest()[pri:0, instance:mavenProject.testng@239963d8]" name="setUpTest" is-config="true" duration-ms="7273" started-at="2018-08-17T09:06:49Z" finished-at="2018-08-17T09:06:56Z">
          <reporter-output>
          </reporter-output>
        </test-method> <!-- setUpTest -->
        <test-method status="FAIL" signature="LoginSinUsuario()[pri:0, instance:mavenProject.testng@239963d8]" name="LoginSinUsuario" duration-ms="30552" started-at="2018-08-17T09:06:56Z" finished-at="2018-08-17T09:07:27Z">
          <exception class="java.lang.AssertionError">
            <full-stacktrace>
              <![CDATA[java.lang.AssertionError
	at org.junit.Assert.fail(Assert.java:86)
	at org.junit.Assert.assertTrue(Assert.java:41)
	at org.junit.Assert.assertTrue(Assert.java:52)
	at mavenProject.testng.LoginSinUsuario(testng.java:74)
	at sun.reflect.NativeMethodAccessorImpl.invoke0(Native Method)
	at sun.reflect.NativeMethodAccessorImpl.invoke(NativeMethodAccessorImpl.java:62)
	at sun.reflect.DelegatingMethodAccessorImpl.invoke(DelegatingMethodAccessorImpl.java:43)
	at java.lang.reflect.Method.invoke(Method.java:498)
	at org.testng.internal.MethodInvocationHelper.invokeMethod(MethodInvocationHelper.java:108)
	at org.testng.internal.Invoker.invokeMethod(Invoker.java:661)
	at org.testng.internal.Invoker.invokeTestMethod(Invoker.java:869)
	at org.testng.internal.Invoker.invokeTestMethods(Invoker.java:1193)
	at org.testng.internal.TestMethodWorker.invokeTestMethods(TestMethodWorker.java:126)
	at org.testng.internal.TestMethodWorker.run(TestMethodWorker.java:109)
	at org.testng.TestRunner.privateRun(TestRunner.java:744)
	at org.testng.TestRunner.run(TestRunner.java:602)
	at org.testng.SuiteRunner.runTest(SuiteRunner.java:380)
	at org.testng.SuiteRunner.runSequentially(SuiteRunner.java:375)
	at org.testng.SuiteRunner.privateRun(SuiteRunner.java:340)
	at org.testng.SuiteRunner.run(SuiteRunner.java:289)
	at org.testng.SuiteRunnerWorker.runSuite(SuiteRunnerWorker.java:52)
	at org.testng.SuiteRunnerWorker.run(SuiteRunnerWorker.java:86)
	at org.testng.TestNG.runSuitesSequentially(TestNG.java:1301)
	at org.testng.TestNG.runSuitesLocally(TestNG.java:1226)
	at org.testng.TestNG.runSuites(TestNG.java:1144)
	at org.testng.TestNG.run(TestNG.java:1115)
	at org.testng.remote.AbstractRemoteTestNG.run(AbstractRemoteTestNG.java:114)
	at org.testng.remote.RemoteTestNG.initAndRun(RemoteTestNG.java:251)
	at org.testng.remote.RemoteTestNG.main(RemoteTestNG.java:77)
]]>
            </full-stacktrace>
          </exception> <!-- java.lang.AssertionError -->
          <reporter-output>
          </reporter-output>
        </test-method> <!-- LoginSinUsuario -->
        <test-method status="PASS" signature="endTest()[pri:0, instance:mavenProject.testng@239963d8]" name="endTest" is-config="true" duration-ms="1083" started-at="2018-08-17T09:07:27Z" finished-at="2018-08-17T09:07:28Z">
          <reporter-output>
          </reporter-output>
        </test-method> <!-- endTest -->
        <test-method status="PASS" signature="endReport()[pri:0, instance:mavenProject.testng@239963d8]" name="endReport" is-config="true" duration-ms="197" started-at="2018-08-17T09:07:28Z" finished-at="2018-08-17T09:07:28Z">
          <reporter-output>
          </reporter-output>
        </test-method> <!-- endReport -->
      </class> <!-- mavenProject.testng -->
    </test> <!-- Default test -->
  </suite> <!-- Default suite -->
</testng-results>
